# JRE version: Java(TM) SE Runtime Environment (8.0_20-b26) (build 1.8.0_20-b26)
# Java VM: Java HotSpot(TM) Client VM (25.20-b23 mixed mode windows-x86 )
Heap:
 def new generation   total 4928K, used 4515K [0x04400000, 0x04950000, 0x09950000)
  eden space 4416K, 100% used [0x04400000, 0x04850000, 0x04850000)
  from space 512K,  19% used [0x04850000, 0x04868f10, 0x048d0000)
  to   space 512K,  18% used [0x048d0000, 0x048e7a00, 0x04950000)
 tenured generation   total 10944K, used 2351K [0x09950000, 0x0a400000, 0x14400000)
   the space 10944K,  21% used [0x09950000, 0x09b9be90, 0x09b9c000, 0x0a400000)
 Metaspace       used 6306K, capacity 6427K, committed 6528K, reserved 6528K
GC Heap History (10 events):
Event: 16.344 GC heap after
Heap after GC invocations=372 (full 0):
 def new generation   total 4928K, used 103K [0x04400000, 0x04950000, 0x09950000)
  eden space 4416K,   0% used [0x04400000, 0x04400000, 0x04850000)
  from space 512K,  20% used [0x04850000, 0x04869f88, 0x048d0000)
  to   space 512K,   0% used [0x048d0000, 0x048d0000, 0x04950000)
 tenured generation   total 10944K, used 2351K [0x09950000, 0x0a400000, 0x14400000)
   the space 10944K,  21% used [0x09950000, 0x09b9be90, 0x09b9c000, 0x0a400000)
 Metaspace       used 6306K, capacity 6427K, committed 6528K, reserved 6528K
}
Event: 16.380 GC heap before
{Heap before GC invocations=372 (full 0):
 def new generation   total 4928K, used 4519K [0x04400000, 0x04950000, 0x09950000)
  eden space 4416K, 100% used [0x04400000, 0x04850000, 0x04850000)
  from space 512K,  20% used [0x04850000, 0x04869f88, 0x048d0000)
  to   space 512K,   0% used [0x048d0000, 0x048d0000, 0x04950000)
 tenured generation   total 10944K, used 2351K [0x09950000, 0x0a400000, 0x14400000)
   the space 10944K,  21% used [0x09950000, 0x09b9be90, 0x09b9c000, 0x0a400000)
 Metaspace       used 6306K, capacity 6427K, committed 6528K, reserved 6528K
Event: 16.382 GC heap after
Heap after GC invocations=373 (full 0):
 def new generation   total 4928K, used 90K [0x04400000, 0x04950000, 0x09950000)
  eden space 4416K,   0% used [0x04400000, 0x04400000, 0x04850000)
  from space 512K,  17% used [0x048d0000, 0x048e6be0, 0x04950000)
  to   space 512K,   0% used [0x04850000, 0x04850000, 0x048d0000)
 tenured generation   total 10944K, used 2351K [0x09950000, 0x0a400000, 0x14400000)
   the space 10944K,  21% used [0x09950000, 0x09b9be90, 0x09b9c000, 0x0a400000)
 Metaspace       used 6306K, capacity 6427K, committed 6528K, reserved 6528K
}
Event: 16.418 GC heap before
{Heap before GC invocations=373 (full 0):
 def new generation   total 4928K, used 4506K [0x04400000, 0x04950000, 0x09950000)
  eden space 4416K, 100% used [0x04400000, 0x04850000, 0x04850000)
  from space 512K,  17% used [0x048d0000, 0x048e6be0, 0x04950000)
  to   space 512K,   0% used [0x04850000, 0x04850000, 0x048d0000)
 tenured generation   total 10944K, used 2351K [0x09950000, 0x0a400000, 0x14400000)
   the space 10944K,  21% used [0x09950000, 0x09b9be90, 0x09b9c000, 0x0a400000)
 Metaspace       used 6306K, capacity 6427K, committed 6528K, reserved 6528K
Event: 16.419 GC heap after
Heap after GC invocations=374 (full 0):
 def new generation   total 4928K, used 100K [0x04400000, 0x04950000, 0x09950000)
  eden space 4416K,   0% used [0x04400000, 0x04400000, 0x04850000)
  from space 512K,  19% used [0x04850000, 0x04869320, 0x048d0000)
  to   space 512K,   0% used [0x048d0000, 0x048d0000, 0x04950000)
 tenured generation   total 10944K, used 2351K [0x09950000, 0x0a400000, 0x14400000)
   the space 10944K,  21% used [0x09950000, 0x09b9be90, 0x09b9c000, 0x0a400000)
 Metaspace       used 6306K, capacity 6427K, committed 6528K, reserved 6528K
}
Event: 16.454 GC heap before
{Heap before GC invocations=374 (full 0):
 def new generation   total 4928K, used 4516K [0x04400000, 0x04950000, 0x09950000)
  eden space 4416K, 100% used [0x04400000, 0x04850000, 0x04850000)
  from space 512K,  19% used [0x04850000, 0x04869320, 0x048d0000)
  to   space 512K,   0% used [0x048d0000, 0x048d0000, 0x04950000)
 tenured generation   total 10944K, used 2351K [0x09950000, 0x0a400000, 0x14400000)
   the space 10944K,  21% used [0x09950000, 0x09b9be90, 0x09b9c000, 0x0a400000)
 Metaspace       used 6306K, capacity 6427K, committed 6528K, reserved 6528K
Event: 16.456 GC heap after
Heap after GC invocations=375 (full 0):
 def new generation   total 4928K, used 100K [0x04400000, 0x04950000, 0x09950000)
  eden space 4416K,   0% used [0x04400000, 0x04400000, 0x04850000)
  from space 512K,  19% used [0x048d0000, 0x048e92b0, 0x04950000)
  to   space 512K,   0% used [0x04850000, 0x04850000, 0x048d0000)
 tenured generation   total 10944K, used 2351K [0x09950000, 0x0a400000, 0x14400000)
   the space 10944K,  21% used [0x09950000, 0x09b9be90, 0x09b9c000, 0x0a400000)
 Metaspace       used 6306K, capacity 6427K, committed 6528K, reserved 6528K
}
Event: 16.494 GC heap before
{Heap before GC invocations=375 (full 0):
 def new generation   total 4928K, used 4516K [0x04400000, 0x04950000, 0x09950000)
  eden space 4416K, 100% used [0x04400000, 0x04850000, 0x04850000)
  from space 512K,  19% used [0x048d0000, 0x048e92b0, 0x04950000)
  to   space 512K,   0% used [0x04850000, 0x04850000, 0x048d0000)
 tenured generation   total 10944K, used 2351K [0x09950000, 0x0a400000, 0x14400000)
   the space 10944K,  21% used [0x09950000, 0x09b9be90, 0x09b9c000, 0x0a400000)
 Metaspace       used 6306K, capacity 6427K, committed 6528K, reserved 6528K
Event: 16.495 GC heap after
Heap after GC invocations=376 (full 0):
 def new generation   total 4928K, used 99K [0x04400000, 0x04950000, 0x09950000)
  eden space 4416K,   0% used [0x04400000, 0x04400000, 0x04850000)
  from space 512K,  19% used [0x04850000, 0x04868f10, 0x048d0000)
  to   space 512K,   0% used [0x048d0000, 0x048d0000, 0x04950000)
 tenured generation   total 10944K, used 2351K [0x09950000, 0x0a400000, 0x14400000)
   the space 10944K,  21% used [0x09950000, 0x09b9be90, 0x09b9c000, 0x0a400000)
 Metaspace       used 6306K, capacity 6427K, committed 6528K, reserved 6528K
}
Event: 16.531 GC heap before
{Heap before GC invocations=376 (full 0):
 def new generation   total 4928K, used 4515K [0x04400000, 0x04950000, 0x09950000)
  eden space 4416K, 100% used [0x04400000, 0x04850000, 0x04850000)
  from space 512K,  19% used [0x04850000, 0x04868f10, 0x048d0000)
  to   space 512K,   0% used [0x048d0000, 0x048d0000, 0x04950000)
 tenured generation   total 10944K, used 2351K [0x09950000, 0x0a400000, 0x14400000)
   the space 10944K,  21% used [0x09950000, 0x09b9be90, 0x09b9c000, 0x0a400000)
 Metaspace       used 6306K, capacity 6427K, committed 6528K, reserved 6528K

